build/app/outputs/mapping/release/seeds.txt
com.codekites.kladeseller.MainActivity: MainActivity()
com.codekites.kladeseller.MainActivity
...
androidx.appcompat.widget.Toolbar: int getTitleMarginBottom()
com.google.android.gms.internal.firebase-auth-api.zziq: int zzh
io.flutter.embedding.engine.renderer.SurfaceTextureWrapper: void updateTexImage()
androidx.activity.ComponentActivity: ComponentActivity()
com.google.android.gms.internal.measurement.zzgd: com.google.android.gms.internal.measurement.zzkk zzf
androidx.appcompat.view.menu.ListMenuItemView: void setForceShowIcon(boolean)
io.flutter.embedding.engine.systemchannels.PlatformChannel$SystemUiMode: io.flutter.embedding.engine.systemchannels.PlatformChannel$SystemUiMode valueOf(java.lang.String)
androidx.appcompat.widget.DialogTitle
io.flutter.plugins.firebase.core.FlutterFirebasePluginRegistry: void registerPlugin(java.lang.String,io.flutter.plugins.firebase.core.FlutterFirebasePlugin)
com.google.android.gms.internal.firebase-auth-api.zzvv: android.os.Parcelable$Creator CREATOR
com.google.android.gms.internal.firebase-auth-api.zzhg: com.google.android.gms.internal.firebase-auth-api.zzhg zzb
com.google.firebase.installations.remote.InstallationResponse$ResponseCode: com.google.firebase.installations.remote.InstallationResponse$ResponseCode[] values()
androidx.appcompat.view.menu.ListMenuItemView: void setCheckable(boolean)
io.flutter.embedding.engine.systemchannels.SettingsChannel$PlatformBrightness: io.flutter.embedding.engine.systemchannels.SettingsChannel$PlatformBrightness[] values()
androidx.vectordrawable.graphics.drawable.VectorDrawableCompat$VGroup: void setPivotY(float)
androidx.appcompat.widget.SearchView: int getPreferredWidth()
com.google.android.gms.internal.measurement.zzfw: java.lang.String zzL
com.google.android.gms.internal.firebase-auth-api.zzim: java.lang.String zze
com.google.android.gms.internal.measurement.zzgd: com.google.android.gms.internal.measurement.zzgd zzh
androidx.appcompat.widget.AppCompatRadioButton
com.google.android.gms.internal.firebase-auth-api.zzgj
androidx.appcompat.view.menu.ActionMenuItemView: void setChecked(boolean)
com.google.android.gms.internal.firebase-auth-api.zzff: com.google.android.gms.internal.firebase-auth-api.zzfi zze
com.google.android.gms.internal.measurement.zzes: java.lang.String zzf
com.google.android.gms.measurement.internal.AppMeasurementDynamiteService: void logEvent(java.lang.String,java.lang.String,android.os.Bundle,boolean,boolean,long)
com.google.android.gms.internal.measurement.zzgo: com.google.android.gms.internal.measurement.zzkk zze
com.google.android.gms.measurement.internal.zzas: android.os.Parcelable$Creator CREATOR
com.google.android.gms.internal.measurement.zzfw: java.lang.String zzH
io.flutter.embedding.engine.FlutterJNI: void setDeferredComponentManager(io.flutter.embedding.engine.deferredcomponents.DeferredComponentManager)
io.flutter.plugin.editing.ImeSyncDeferringInsetsCallback$AnimationCallback
com.google.firebase.auth.internal.zzp: android.os.Parcelable$Creator CREATOR
io.flutter.view.AccessibilityViewEmbedder: AccessibilityViewEmbedder(android.view.View,int)
androidx.vectordrawable.graphics.drawable.VectorDrawableCompat$VFullPath: void setFillColor(int)
androidx.lifecycle.ReportFragment$LifecycleCallbacks
com.google.firebase.provider.FirebaseInitProvider
com.google.android.gms.measurement.internal.AppMeasurementDynamiteService: void onActivityDestroyed(com.google.android.gms.dynamic.IObjectWrapper,long)
io.flutter.embedding.engine.FlutterJNI: void ensureNotAttachedToNative()
androidx.appcompat.widget.Toolbar: void setSubtitleTextColor(int)
com.google.android.gms.auth.api.signin.internal.SignInConfiguration: android.os.Parcelable$Creator CREATOR
androidx.appcompat.widget.AppCompatSpinner: android.content.res.ColorStateList getSupportBackgroundTintList()
io.flutter.view.AccessibilityViewEmbedder: android.view.View platformViewOfNode(int)
io.flutter.plugin.platform.SingleViewPresentation: int viewId
com.google.android.gms.internal.firebase-auth-api.zzne: android.os.Parcelable$Creator CREATOR