build/app/outputs/mapping/release/mapping.txt
# compiler: R8
# compiler_version: 2.1.62
# min_api: 21
# pg_map_id: 61b844b
# common_typos_disable
...
androidx.core.graphics.TypefaceCompatApi28Impl -> a.e.d.h:
    android.graphics.Typeface createFromFamiliesWithDefault(java.lang.Object) -> l
    java.lang.reflect.Method obtainCreateFromFamiliesWithDefaultMethod(java.lang.Class) -> x
androidx.core.graphics.TypefaceCompatApi29Impl -> a.e.d.i:
    android.graphics.Typeface createFromFontFamilyFilesResourceEntry(android.content.Context,androidx.core.content.res.FontResourcesParserCompat$FontFamilyFilesResourceEntry,android.content.res.Resources,int) -> b
    android.graphics.Typeface createFromFontInfo(android.content.Context,android.os.CancellationSignal,androidx.core.provider.FontsContractCompat$FontInfo[],int) -> c
    android.graphics.Typeface createFromInputStream(android.content.Context,java.io.InputStream) -> d
    android.graphics.Typeface createFromResourcesFontFile(android.content.Context,android.content.res.Resources,int,java.lang.String,int) -> e
    androidx.core.provider.FontsContractCompat$FontInfo findBestInfo(androidx.core.provider.FontsContractCompat$FontInfo[],int) -> h
androidx.core.graphics.TypefaceCompatBaseImpl -> a.e.d.j:
    java.util.concurrent.ConcurrentHashMap mFontFamilies -> a
    void addFontFamily(android.graphics.Typeface,androidx.core.content.res.FontResourcesParserCompat$FontFamilyFilesResourceEntry) -> a
    android.graphics.Typeface createFromFontFamilyFilesResourceEntry(android.content.Context,androidx.core.content.res.FontResourcesParserCompat$FontFamilyFilesResourceEntry,android.content.res.Resources,int) -> b
    android.graphics.Typeface createFromFontInfo(android.content.Context,android.os.CancellationSignal,androidx.core.provider.FontsContractCompat$FontInfo[],int) -> c
    android.graphics.Typeface createFromInputStream(android.content.Context,java.io.InputStream) -> d
    android.graphics.Typeface createFromResourcesFontFile(android.content.Context,android.content.res.Resources,int,java.lang.String,int) -> e
    androidx.core.content.res.FontResourcesParserCompat$FontFileResourceEntry findBestEntry(androidx.core.content.res.FontResourcesParserCompat$FontFamilyFilesResourceEntry,int) -> f
    java.lang.Object findBestFont(java.lang.Object[],int,androidx.core.graphics.TypefaceCompatBaseImpl$StyleExtractor) -> g
    androidx.core.provider.FontsContractCompat$FontInfo findBestInfo(androidx.core.provider.FontsContractCompat$FontInfo[],int) -> h
    androidx.core.content.res.FontResourcesParserCompat$FontFamilyFilesResourceEntry getFontFamily(android.graphics.Typeface) -> i
androidx.core.graphics.TypefaceCompatBaseImpl$1 -> a.e.d.j$a:
    int getWeight(java.lang.Object) -> a
    boolean isItalic(java.lang.Object) -> b
    int getWeight(androidx.core.provider.FontsContractCompat$FontInfo) -> c
    boolean isItalic(androidx.core.provider.FontsContractCompat$FontInfo) -> d
androidx.core.graphics.TypefaceCompatBaseImpl$2 -> a.e.d.j$b:
    int getWeight(java.lang.Object) -> a
    boolean isItalic(java.lang.Object) -> b
    int getWeight(androidx.core.content.res.FontResourcesParserCompat$FontFileResourceEntry) -> c
    boolean isItalic(androidx.core.content.res.FontResourcesParserCompat$FontFileResourceEntry) -> d
androidx.core.graphics.TypefaceCompatBaseImpl$StyleExtractor -> a.e.d.j$c:
    int getWeight(java.lang.Object) -> a
    boolean isItalic(java.lang.Object) -> b