build/app/outputs/mapping/release/usage.txt
com.codekites.kladeseller.R$id
com.codekites.kladeseller.R$layout
com.codekites.kladeseller.R$drawable
com.codekites.kladeseller.R$interpolator
com.codekites.kladeseller.R$color
com.codekites.kladeseller.R$bool
com.codekites.kladeseller.R$attr
com.codekites.kladeseller.R$styleable
com.codekites.kladeseller.R
com.codekites.kladeseller.R$dimen
com.codekites.kladeseller.R$mipmap
com.codekites.kladeseller.R$xml
com.codekites.kladeseller.BuildConfig
com.codekites.kladeseller.R$string
com.codekites.kladeseller.R$integer
com.codekites.kladeseller.R$anim
com.codekites.kladeseller.R$style
...
com.google.common.base.Joiner
com.google.common.io.ReaderInputStream
androidx.annotation.RequiresPermission$Read
com.google.common.escape.Escapers
com.google.android.gms.internal.auth-api-phone.zzf
com.google.common.collect.package-info
com.google.common.util.concurrent.ExecutionSequencer$2
com.google.common.collect.RegularImmutableMultiset
androidx.cursoradapter.widget.CursorAdapter:
    public void <init>(android.content.Context,android.database.Cursor)
    public void <init>(android.content.Context,android.database.Cursor,int)
    protected void init(android.content.Context,android.database.Cursor,boolean)
    public boolean hasStableIds()
    public android.database.Cursor runQueryOnBackgroundThread(java.lang.CharSequence)
    public android.widget.FilterQueryProvider getFilterQueryProvider()
    public void setFilterQueryProvider(android.widget.FilterQueryProvider)
    protected android.widget.FilterQueryProvider mFilterQueryProvider
    public static final int FLAG_AUTO_REQUERY
    public static final int FLAG_REGISTER_CONTENT_OBSERVER
androidx.appcompat.resources.R$color
com.google.android.gms.auth.api.identity.CredentialSavingClient
io.flutter.embedding.engine.systemchannels.SettingsChannel:
    private static final java.lang.String TAG
    public static final java.lang.String CHANNEL_NAME
    private static final java.lang.String TEXT_SCALE_FACTOR
    private static final java.lang.String ALWAYS_USE_24_HOUR_FORMAT
    private static final java.lang.String PLATFORM_BRIGHTNESS
com.google.common.io.Resources
com.google.common.graph.Traverser$GraphTraverser$BreadthFirstIterator
com.google.common.collect.AbstractMultiset
com.google.common.graph.SuccessorsFunction
com.google.common.reflect.ClassPath$ResourceInfo
com.google.common.collect.ImmutableRangeMap$Builder
com.google.common.collect.ImmutableSortedMap$1EntrySet$1
com.google.common.cache.LocalCache$AccessQueue$1
androidx.browser.R$attr
androidx.asynclayoutinflater.R$integer
androidx.lifecycle.GenericLifecycleObserver
com.google.firebase.platforminfo.GlobalLibraryVersionRegistrar:
    public void registerVersion(java.lang.String,java.lang.String)
com.google.android.gms.internal.auth-api.zbaa
com.google.common.cache.LocalCache$LoadingSerializationProxy
com.google.common.cache.CacheBuilderSpec$RecordStatsParser
com.google.common.collect.RegularImmutableMultiset$SerializedForm
com.google.common.escape.Platform
androidx.loader.R$color
com.google.android.gms.internal.safetynet.zzk$zzf
androidx.core.location.LocationManagerCompat$CancellableLocationListener$2
com.google.firebase.FirebaseApp:
    public static void clearInstancesForTest()
    public static java.lang.String getPersistenceKey(java.lang.String,com.google.firebase.FirebaseOptions)
    void initializeAllComponents()
    public void addBackgroundStateChangeListener(com.google.firebase.FirebaseApp$BackgroundStateChangeListener)
    public void removeBackgroundStateChangeListener(com.google.firebase.FirebaseApp$BackgroundStateChangeListener)
    public void addLifecycleEventListener(com.google.firebase.FirebaseAppLifecycleListener)
    public void removeLifecycleEventListener(com.google.firebase.FirebaseAppLifecycleListener)
    private static final java.lang.String LOG_TAG
    public static final java.lang.String DEFAULT_APP_NAME
    private static final java.lang.String FIREBASE_ANDROID
    private static final java.lang.String FIREBASE_COMMON
    private static final java.lang.String KOTLIN
io.flutter.embedding.android.FlutterFragment$CachedEngineFragmentBuilder
com.flutter_webview_plugin.R
androidx.savedstate.R
com.google.common.collect.MapMakerInternalMap$StrongKeyDummyValueEntry
com.google.android.gms.internal.firebase-auth-api.zzil:
    private void <init>()
androidx.core.R$integer
com.google.android.gms.common.internal.zab:
    public static com.google.android.gms.common.internal.zab zaa(androidx.fragment.app.Fragment,android.content.Intent,int)
com.google.common.collect.ImmutableEnumMap$EnumSerializedForm